C51 COMPILER V9.56.0.0   IIC                                                               12/10/2018 19:39:23 PAGE 1   


C51 COMPILER V9.56.0.0, COMPILATION OF MODULE IIC
OBJECT MODULE PLACED IN .\Objects\IIC.obj
COMPILER INVOKED BY: D:\Keil_v5\C51\BIN\C51.EXE ..\src\IIC.c OPTIMIZE(8,SPEED) INCDIR(..\inc;..\..\ThunderLib) DEBUG OBJ
                    -ECTEXTEND PRINT(.\Listings\IIC.lst) OBJECT(.\Objects\IIC.obj)

line level    source

   1          #include "IIC.h"
   2          
   3          
   4          char OBIIC_RecvData()
   5          {
   6   1          I2CMSCR = 0x04;
   7   1          OBIIC_Wait();
   8   1          return I2CRXD;
   9   1      }
  10          
  11          void IIC_begin()
  12          {
  13   1          
  14   1          I2CCFG = 0xe0;
  15   1          I2CMSST = 0x00;
  16   1      
  17   1          
  18   1      }
  19          
  20          void IIC_beginTransmission(char address)
  21          {
  22   1          OBIIC_Start();
  23   1          IIC_write(address<<1);
  24   1      
  25   1      }
  26          
  27          void IIC_write(char _data)
  28          {
  29   1          OBIIC_SendData(_data);
  30   1          OBIIC_RecvACK();
  31   1      }
  32          
  33          void IIC_endTransmission()
  34          {
  35   1          OBIIC_Stop();
  36   1      
  37   1      }
  38          
  39          void IIC_requestFrom(char device,char reg, int length,unsigned char *pData )
  40          {
  41   1              unsigned char xdata i=0;
  42   1      
  43   1          IIC_beginTransmission(device);
  44   1          IIC_write(reg);
  45   1          OBIIC_Start();
  46   1          OBIIC_SendData((device<<1)+1);
  47   1          OBIIC_RecvACK();
  48   1          for(i = 0; i < length-1; i++)
  49   1          {
  50   2              *pData = OBIIC_RecvData();
  51   2              OBIIC_SendACK();
  52   2              pData++;
  53   2          }
  54   1          
C51 COMPILER V9.56.0.0   IIC                                                               12/10/2018 19:39:23 PAGE 2   

  55   1          *pData = OBIIC_RecvData();
  56   1          OBIIC_SendNAK(); 
  57   1          IIC_endTransmission();
  58   1          
  59   1      }


MODULE INFORMATION:   STATIC OVERLAYABLE
   CODE SIZE        =    351    ----
   CONSTANT SIZE    =   ----    ----
   XDATA SIZE       =   ----       1
   PDATA SIZE       =   ----    ----
   DATA SIZE        =   ----       7
   IDATA SIZE       =   ----    ----
   BIT SIZE         =   ----    ----
END OF MODULE INFORMATION.


C51 COMPILATION COMPLETE.  0 WARNING(S),  0 ERROR(S)
