C51 COMPILER V9.56.0.0   TIMER                                                             12/16/2018 16:23:42 PAGE 1   


C51 COMPILER V9.56.0.0, COMPILATION OF MODULE TIMER
OBJECT MODULE PLACED IN .\Objects\Timer.obj
COMPILER INVOKED BY: D:\Keil_v5\C51\BIN\C51.EXE ..\src\Timer.c OPTIMIZE(8,SPEED) INCDIR(..\inc;..\..\ThunderLib) DEFINE(
                    -STC_Y1,FOSC_11059200) DEBUG OBJECTEXTEND PRINT(.\Listings\Timer.lst) OBJECT(.\Objects\Timer.obj)

line level    source

*** WARNING C500 IN LINE 1 OF ..\src\Timer.c: LICENSE ERROR (R207(3): REGISTRY READ ERROR)

   1          #include "Timer.h"
   2          #include "STDDEF.H"
   3          
   4          
   5          void (*t0InterruptFunction)() = NULL;
   6          void (*t1InterruptFunction)() = NULL;
   7          
   8          void Timer0Init(void)   
   9          {
  10   1              AUXR |= 0x80;       
  11   1              TMOD &= 0xF0;       
  12   1              TL0 = 0x80;                 
  13   1              TH0 = 0x44;             
  14   1              TF0 = 0;                    
  15   1              TR0 = 1;                    
  16   1      }
  17          
  18          void Timer1Init(void)   
  19          {
  20   1              AUXR |= 0x40;           
  21   1              TMOD &= 0x0F;           
  22   1              TL1 = 0x80;             
  23   1              TH1 = 0x44;             
  24   1              TF1 = 0;                
  25   1              TR1 = 1;                
  26   1      }
  27          
  28          
  29          void Timer_begin(char timerIndex,void (*interruptFunction)() )
  30          {
  31   1          
  32   1          switch(timerIndex)
  33   1          {
  34   2              case 0 :    t0InterruptFunction = interruptFunction;
  35   2                          Timer0Init();
  36   2                          ET0 = 1;
  37   2                          EA  = 1;
  38   2                           break;
  39   2              case 1 :    t1InterruptFunction = interruptFunction;
  40   2                          Timer1Init();
  41   2                          EA  = 1;
  42   2                          ET1 = 1;                   
  43   2                          TF1 = 0;
  44   2                           break;
  45   2                          
  46   2              default: break;
  47   2          }
  48   1      }
  49          
  50          void tmer0_Isr() interrupt 1
  51          {
  52   1          
  53   1          
C51 COMPILER V9.56.0.0   TIMER                                                             12/16/2018 16:23:42 PAGE 2   

  54   1          (*t0InterruptFunction)();
  55   1      
  56   1          TF0 = 0;    
  57   1      }
  58          
  59          void tmer1_Isr() interrupt 3
  60          {
  61   1         (*t1InterruptFunction)();
  62   1         
  63   1          TF1 = 0;            
  64   1      }
  65          


MODULE INFORMATION:   STATIC OVERLAYABLE
   CODE SIZE        =    201    ----
   CONSTANT SIZE    =   ----    ----
   XDATA SIZE       =   ----    ----
   PDATA SIZE       =   ----    ----
   DATA SIZE        =      6    ----
   IDATA SIZE       =   ----    ----
   BIT SIZE         =   ----    ----
END OF MODULE INFORMATION.


C51 COMPILATION COMPLETE.  1 WARNING(S),  0 ERROR(S)
